#
# There is insufficient memory for the Java Runtime Environment to continue.
# Native memory allocation (malloc) failed to allocate 1048576 bytes for AllocateHeap
# Possible reasons:
#   The system is out of physical RAM or swap space
#   The process is running with CompressedOops enabled, and the Java Heap may be blocking the growth of the native heap
# Possible solutions:
#   Reduce memory load on the system
#   Increase physical memory or swap space
#   Check if swap backing store is full
#   Decrease Java heap size (-Xmx/-Xms)
#   Decrease number of Java threads
#   Decrease Java thread stack sizes (-Xss)
#   Set larger code cache with -XX:ReservedCodeCacheSize=
#   JVM is running with Unscaled Compressed Oops mode in which the Java heap is
#     placed in the first 4GB address space. The Java Heap base address is the
#     maximum limit for the native heap growth. Please use -XX:HeapBaseMinAddress
#     to set the Java Heap base and to place the Java Heap above 4GB virtual address.
# This output file may be truncated or incomplete.
#
#  Out of Memory Error (allocation.cpp:44), pid=3880, tid=16128
#
# JRE version:  (17.0.2+8) (build )
# Java VM: OpenJDK 64-Bit Server VM (17.0.2+8, mixed mode, tiered, compressed oops, compressed class ptrs, parallel gc, windows-amd64)
# No core dump will be written. Minidumps are not enabled by default on client versions of Windows
#

---------------  S U M M A R Y ------------

Command Line: --add-modules=ALL-SYSTEM --add-opens=java.base/java.util=ALL-UNNAMED --add-opens=java.base/java.lang=ALL-UNNAMED --add-opens=java.base/sun.nio.fs=ALL-UNNAMED -Declipse.application=org.eclipse.jdt.ls.core.id1 -Dosgi.bundles.defaultStartLevel=4 -Declipse.product=org.eclipse.jdt.ls.core.product -Djava.import.generatesMetadataFilesAtProjectRoot=false -Dfile.encoding=utf8 -DwatchParentProcess=false -XX:+UseParallelGC -XX:GCTimeRatio=4 -XX:AdaptiveSizePolicyWeight=90 -Dsun.zip.disableMemoryMapping=true -Xmx1G -Xms100m -XX:+HeapDumpOnOutOfMemoryError -XX:HeapDumpPath=c:\Users\Idang\AppData\Roaming\Code\User\workspaceStorage\3c6299c4dbd5be66a2caddb0f84294d5\redhat.java c:\Users\Idang\.vscode\extensions\redhat.java-1.4.0\server\plugins\org.eclipse.equinox.launcher_1.6.400.v20210924-0641.jar -configuration c:\Users\Idang\AppData\Roaming\Code\User\globalStorage\redhat.java\1.4.0\config_win -data c:\Users\Idang\AppData\Roaming\Code\User\workspaceStorage\3c6299c4dbd5be66a2caddb0f84294d5\redhat.java\jdt_ws

Host: Intel(R) Core(TM) i7-8750H CPU @ 2.20GHz, 12 cores, 15G,  Windows 11 , 64 bit Build 22000 (10.0.22000.434)
Time: Fri Apr  8 00:33:39 2022 Jerusalem Daylight Time elapsed time: 0.051298 seconds (0d 0h 0m 0s)

---------------  T H R E A D  ---------------

Current thread (0x000001bc114bafe0):  JavaThread "Unknown thread" [_thread_in_vm, id=16128, stack(0x0000002c19600000,0x0000002c19700000)]

Stack: [0x0000002c19600000,0x0000002c19700000]
Native frames: (J=compiled Java code, j=interpreted, Vv=VM code, C=native code)
V  [jvm.dll+0x67564a]
V  [jvm.dll+0x82fc04]
V  [jvm.dll+0x8313ae]
V  [jvm.dll+0x831a13]
V  [jvm.dll+0x245235]
V  [jvm.dll+0xa6393]
V  [jvm.dll+0x6a7a5a]
V  [jvm.dll+0x6a871f]
V  [jvm.dll+0x681d13]
V  [jvm.dll+0x801f98]
V  [jvm.dll+0x369004]
V  [jvm.dll+0x7e0cdc]
V  [jvm.dll+0x3eb8bf]
V  [jvm.dll+0x3ed441]
C  [jli.dll+0x5277]
C  [ucrtbase.dll+0x26c0c]
C  [KERNEL32.DLL+0x154e0]
C  [ntdll.dll+0x485b]


---------------  P R O C E S S  ---------------

Threads class SMR info:
_java_thread_list=0x00007ffb6a0f5e98, length=0, elements={
}

Java Threads: ( => current thread )

Other Threads:
  0x000001bc135b9010 GCTaskThread "GC Thread#0" [stack: 0x0000002c19700000,0x0000002c19800000] [id=28776]

=>0x000001bc114bafe0 (exited) JavaThread "Unknown thread" [_thread_in_vm, id=16128, stack(0x0000002c19600000,0x0000002c19700000)]

Threads with active compile tasks:

VM state: not at safepoint (normal execution)

VM Mutex/Monitor currently owned by a thread: None

Heap address: 0x00000000c0000000, size: 1024 MB, Compressed Oops mode: 32-bit

CDS archive(s) not mapped
Compressed class space mapped at: 0x0000000100000000-0x0000000140000000, reserved size: 1073741824
Narrow klass base: 0x0000000000000000, Narrow klass shift: 3, Narrow klass range: 0x140000000

GC Precious Log:
 CPUs: 12 total, 12 available
 Memory: 16167M
 Large Page Support: Disabled
 NUMA Support: Disabled
 Compressed Oops: Enabled (32-bit)
 Alignments: Space 512K, Generation 512K, Heap 2M
 Heap Min Capacity: 100M
 Heap Initial Capacity: 100M
 Heap Max Capacity: 1G
 Pre-touch: Disabled
 Parallel Workers: 10

Heap:
 PSYoungGen      total 29696K, used 512K [0x00000000eab00000, 0x00000000ecc00000, 0x0000000100000000)
  eden space 25600K, 2% used [0x00000000eab00000,0x00000000eab80070,0x00000000ec400000)
  from space 4096K, 0% used [0x00000000ec800000,0x00000000ec800000,0x00000000ecc00000)
  to   space 4096K, 0% used [0x00000000ec400000,0x00000000ec400000,0x00000000ec800000)
 ParOldGen       total 68608K, used 0K [0x00000000c0000000, 0x00000000c4300000, 0x00000000eab00000)
  object space 68608K, 0% used [0x00000000c0000000,0x00000000c0000000,0x00000000c4300000)
 Metaspace       used 1149K, committed 1216K, reserved 1056768K
  class space    used 101K, committed 128K, reserved 1048576K

Card table byte_map: [0x000001bc12f60000,0x000001bc13170000] _byte_map_base: 0x000001bc12960000

Marking Bits: (ParMarkBitMap*) 0x00007ffb6a163af0
 Begin Bits: [0x000001bc25230000, 0x000001bc26230000)
 End Bits:   [0x000001bc26230000, 0x000001bc27230000)

Polling page: 0x000001bc11590000

Metaspace:

Usage:
  Non-class:      1.02 MB used.
      Class:    101.01 KB used.
       Both:      1.12 MB used.

Virtual space:
  Non-class space:        8.00 MB reserved,       1.06 MB ( 13%) committed,  1 nodes.
      Class space:        1.00 GB reserved,     128.00 KB ( <1%) committed,  1 nodes.
             Both:        1.01 GB reserved,       1.19 MB ( <1%) committed. 

Chunk freelists:
   Non-Class:  0 bytes
       Class:  3.75 MB
        Both:  3.75 MB

MaxMetaspaceSize: unlimited
CompressedClassSpaceSize: 1.00 GB
Initial GC threshold: 21.00 MB
Current GC threshold: 17179869184.00 GB
CDS: off
MetaspaceReclaimPolicy: balanced
 - commit_granule_bytes: 65536.
 - commit_granule_words: 8192.
 - virtual_space_node_default_size: 1048576.
 - enlarge_chunks_in_place: 1.
 - new_chunks_are_fully_committed: 0.
 - uncommit_free_chunks: 1.
 - use_allocation_guard: 0.
 - handle_deallocations: 1.


Internal statistics:

num_allocs_failed_limit: 0.
num_arena_births: 2.
num_arena_deaths: 0.
num_vsnodes_births: 2.
num_vsnodes_deaths: 0.
num_space_committed: 19.
num_space_uncommitted: 0.
num_chunks_returned_to_freelist: 0.
num_chunks_taken_from_freelist: 3.
num_chunk_merges: 0.
num_chunk_splits: 1.
num_chunks_enlarged: 0.
num_purges: 0.
num_inconsistent_stats: 0.

CodeHeap 'non-profiled nmethods': size=120000Kb used=0Kb max_used=0Kb free=120000Kb
 bounds [0x000001bc1dd00000, 0x000001bc1df70000, 0x000001bc25230000]
CodeHeap 'profiled nmethods': size=120000Kb used=0Kb max_used=0Kb free=120000Kb
 bounds [0x000001bc167d0000, 0x000001bc16a40000, 0x000001bc1dd00000]
CodeHeap 'non-nmethods': size=5760Kb used=202Kb max_used=335Kb free=5557Kb
 bounds [0x000001bc16230000, 0x000001bc164a0000, 0x000001bc167d0000]
 total_blobs=66 nmethods=0 adapters=47
 compilation: enabled
              stopped_count=0, restarted_count=0
 full_count=0

Compilation events (0 events):
No events

GC Heap History (0 events):
No events

Deoptimization events (0 events):
No events

Classes unloaded (0 events):
No events

Classes redefined (0 events):
No events

Internal exceptions (0 events):
No events

VM Operations (0 events):
No events

Events (20 events):
Event: 0.043 loading class java/lang/Long
Event: 0.044 loading class java/lang/Long done
Event: 0.044 loading class java/util/Iterator
Event: 0.044 loading class java/util/Iterator done
Event: 0.044 loading class java/lang/reflect/RecordComponent
Event: 0.044 loading class java/lang/reflect/RecordComponent done
Event: 0.044 loading class jdk/internal/vm/vector/VectorSupport
Event: 0.044 loading class jdk/internal/vm/vector/VectorSupport done
Event: 0.044 loading class jdk/internal/vm/vector/VectorSupport$VectorPayload
Event: 0.044 loading class jdk/internal/vm/vector/VectorSupport$VectorPayload done
Event: 0.044 loading class jdk/internal/vm/vector/VectorSupport$Vector
Event: 0.044 loading class jdk/internal/vm/vector/VectorSupport$Vector done
Event: 0.044 loading class jdk/internal/vm/vector/VectorSupport$VectorMask
Event: 0.044 loading class jdk/internal/vm/vector/VectorSupport$VectorMask done
Event: 0.044 loading class jdk/internal/vm/vector/VectorSupport$VectorShuffle
Event: 0.044 loading class jdk/internal/vm/vector/VectorSupport$VectorShuffle done
Event: 0.047 loading class java/lang/NullPointerException
Event: 0.047 loading class java/lang/NullPointerException done
Event: 0.047 loading class java/lang/ArithmeticException
Event: 0.047 loading class java/lang/ArithmeticException done


Dynamic libraries:
0x00007ff66dc50000 - 0x00007ff66dc5e000 	c:\Users\Idang\.vscode\extensions\redhat.java-1.4.0\jre\17.0.2-win32-x86_64\bin\java.exe
0x00007ffbf5540000 - 0x00007ffbf5749000 	C:\WINDOWS\SYSTEM32\ntdll.dll
0x00007ffbf3f90000 - 0x00007ffbf404d000 	C:\WINDOWS\System32\KERNEL32.DLL
0x00007ffbf2af0000 - 0x00007ffbf2e64000 	C:\WINDOWS\System32\KERNELBASE.dll
0x00007ffbf2f10000 - 0x00007ffbf3021000 	C:\WINDOWS\System32\ucrtbase.dll
0x00007ffbbad70000 - 0x00007ffbbad88000 	c:\Users\Idang\.vscode\extensions\redhat.java-1.4.0\jre\17.0.2-win32-x86_64\bin\jli.dll
0x00007ffbbad50000 - 0x00007ffbbad69000 	c:\Users\Idang\.vscode\extensions\redhat.java-1.4.0\jre\17.0.2-win32-x86_64\bin\VCRUNTIME140.dll
0x00007ffbf3cd0000 - 0x00007ffbf3e7c000 	C:\WINDOWS\System32\USER32.dll
0x00007ffbce840000 - 0x00007ffbceae5000 	C:\WINDOWS\WinSxS\amd64_microsoft.windows.common-controls_6595b64144ccf1df_6.0.22000.120_none_9d947278b86cc467\COMCTL32.dll
0x00007ffbf3220000 - 0x00007ffbf3246000 	C:\WINDOWS\System32\win32u.dll
0x00007ffbf49d0000 - 0x00007ffbf4a73000 	C:\WINDOWS\System32\msvcrt.dll
0x00007ffbf4750000 - 0x00007ffbf4779000 	C:\WINDOWS\System32\GDI32.dll
0x00007ffbf3250000 - 0x00007ffbf3362000 	C:\WINDOWS\System32\gdi32full.dll
0x00007ffbf2e70000 - 0x00007ffbf2f0d000 	C:\WINDOWS\System32\msvcp_win.dll
0x00007ffbf3a40000 - 0x00007ffbf3a71000 	C:\WINDOWS\System32\IMM32.DLL
0x00007ffbeeff0000 - 0x00007ffbeeffc000 	c:\Users\Idang\.vscode\extensions\redhat.java-1.4.0\jre\17.0.2-win32-x86_64\bin\vcruntime140_1.dll
0x00007ffb6a230000 - 0x00007ffb6a2c1000 	c:\Users\Idang\.vscode\extensions\redhat.java-1.4.0\jre\17.0.2-win32-x86_64\bin\msvcp140.dll
0x00007ffb695e0000 - 0x00007ffb6a227000 	c:\Users\Idang\.vscode\extensions\redhat.java-1.4.0\jre\17.0.2-win32-x86_64\bin\server\jvm.dll
0x00007ffbf3a80000 - 0x00007ffbf3b2e000 	C:\WINDOWS\System32\ADVAPI32.dll
0x00007ffbf4cb0000 - 0x00007ffbf4d4e000 	C:\WINDOWS\System32\sechost.dll
0x00007ffbf48b0000 - 0x00007ffbf49d0000 	C:\WINDOWS\System32\RPCRT4.dll
0x00007ffbf33e0000 - 0x00007ffbf33e8000 	C:\WINDOWS\System32\PSAPI.DLL
0x00007ffbc0a50000 - 0x00007ffbc0a59000 	C:\WINDOWS\SYSTEM32\WSOCK32.dll
0x00007ffbf4680000 - 0x00007ffbf46ef000 	C:\WINDOWS\System32\WS2_32.dll
0x00007ffbecbd0000 - 0x00007ffbecc03000 	C:\WINDOWS\SYSTEM32\WINMM.dll
0x00007ffbec9c0000 - 0x00007ffbec9ca000 	C:\WINDOWS\SYSTEM32\VERSION.dll
0x00007ffbf1be0000 - 0x00007ffbf1bf8000 	C:\WINDOWS\SYSTEM32\kernel.appcore.dll
0x00007ffbc3370000 - 0x00007ffbc337a000 	c:\Users\Idang\.vscode\extensions\redhat.java-1.4.0\jre\17.0.2-win32-x86_64\bin\jimage.dll
0x00007ffbe9370000 - 0x00007ffbe9591000 	C:\WINDOWS\SYSTEM32\DBGHELP.DLL
0x00007ffbdadb0000 - 0x00007ffbdade1000 	C:\WINDOWS\SYSTEM32\dbgcore.DLL
0x00007ffbf31a0000 - 0x00007ffbf321f000 	C:\WINDOWS\System32\bcryptPrimitives.dll
0x00007ffbadd30000 - 0x00007ffbadd55000 	c:\Users\Idang\.vscode\extensions\redhat.java-1.4.0\jre\17.0.2-win32-x86_64\bin\java.dll
0x00007ffbb6440000 - 0x00007ffbb6458000 	c:\Users\Idang\.vscode\extensions\redhat.java-1.4.0\jre\17.0.2-win32-x86_64\bin\zip.dll

dbghelp: loaded successfully - version: 4.0.5 - missing functions: none
symbol engine: initialized successfully - sym options: 0x614 - pdb path: .;c:\Users\Idang\.vscode\extensions\redhat.java-1.4.0\jre\17.0.2-win32-x86_64\bin;C:\WINDOWS\SYSTEM32;C:\WINDOWS\WinSxS\amd64_microsoft.windows.common-controls_6595b64144ccf1df_6.0.22000.120_none_9d947278b86cc467;c:\Users\Idang\.vscode\extensions\redhat.java-1.4.0\jre\17.0.2-win32-x86_64\bin\server

VM Arguments:
jvm_args: --add-modules=ALL-SYSTEM --add-opens=java.base/java.util=ALL-UNNAMED --add-opens=java.base/java.lang=ALL-UNNAMED --add-opens=java.base/sun.nio.fs=ALL-UNNAMED -Declipse.application=org.eclipse.jdt.ls.core.id1 -Dosgi.bundles.defaultStartLevel=4 -Declipse.product=org.eclipse.jdt.ls.core.product -Djava.import.generatesMetadataFilesAtProjectRoot=false -Dfile.encoding=utf8 -DwatchParentProcess=false -XX:+UseParallelGC -XX:GCTimeRatio=4 -XX:AdaptiveSizePolicyWeight=90 -Dsun.zip.disableMemoryMapping=true -Xmx1G -Xms100m -XX:+HeapDumpOnOutOfMemoryError -XX:HeapDumpPath=c:\Users\Idang\AppData\Roaming\Code\User\workspaceStorage\3c6299c4dbd5be66a2caddb0f84294d5\redhat.java 
java_command: c:\Users\Idang\.vscode\extensions\redhat.java-1.4.0\server\plugins\org.eclipse.equinox.launcher_1.6.400.v20210924-0641.jar -configuration c:\Users\Idang\AppData\Roaming\Code\User\globalStorage\redhat.java\1.4.0\config_win -data c:\Users\Idang\AppData\Roaming\Code\User\workspaceStorage\3c6299c4dbd5be66a2caddb0f84294d5\redhat.java\jdt_ws
java_class_path (initial): c:\Users\Idang\.vscode\extensions\redhat.java-1.4.0\server\plugins\org.eclipse.equinox.launcher_1.6.400.v20210924-0641.jar
Launcher Type: SUN_STANDARD

[Global flags]
    uintx AdaptiveSizePolicyWeight                 = 90                                        {product} {command line}
     intx CICompilerCount                          = 4                                         {product} {ergonomic}
    uintx GCTimeRatio                              = 4                                         {product} {command line}
     bool HeapDumpOnOutOfMemoryError               = true                                   {manageable} {command line}
    ccstr HeapDumpPath                             = c:\Users\Idang\AppData\Roaming\Code\User\workspaceStorage\3c6299c4dbd5be66a2caddb0f84294d5\redhat.java         {manageable} {command line}
   size_t InitialHeapSize                          = 104857600                                 {product} {command line}
   size_t MaxHeapSize                              = 1073741824                                {product} {command line}
   size_t MaxNewSize                               = 357564416                                 {product} {ergonomic}
   size_t MinHeapDeltaBytes                        = 524288                                    {product} {ergonomic}
   size_t MinHeapSize                              = 104857600                                 {product} {command line}
   size_t NewSize                                  = 34603008                                  {product} {ergonomic}
    uintx NonNMethodCodeHeapSize                   = 5839372                                {pd product} {ergonomic}
    uintx NonProfiledCodeHeapSize                  = 122909434                              {pd product} {ergonomic}
   size_t OldSize                                  = 70254592                                  {product} {ergonomic}
    uintx ProfiledCodeHeapSize                     = 122909434                              {pd product} {ergonomic}
    uintx ReservedCodeCacheSize                    = 251658240                              {pd product} {ergonomic}
     bool SegmentedCodeCache                       = true                                      {product} {ergonomic}
   size_t SoftMaxHeapSize                          = 1073741824                             {manageable} {ergonomic}
     bool UseCompressedClassPointers               = true                           {product lp64_product} {ergonomic}
     bool UseCompressedOops                        = true                           {product lp64_product} {ergonomic}
     bool UseLargePagesIndividualAllocation        = false                                  {pd product} {ergonomic}
     bool UseParallelGC                            = true                                      {product} {command line}

Logging:
Log output configuration:
 #0: stdout all=warning uptime,level,tags
 #1: stderr all=off uptime,level,tags

Environment Variables:
JAVA_HOME=C:\Program Files\Java\jdk-17.0.2
PATH=C:\Program Files\Common Files\Oracle\Java\javapath;C:\WINDOWS\system32;C:\WINDOWS;C:\WINDOWS\System32\Wbem;C:\WINDOWS\System32\WindowsPowerShell\v1.0\;C:\WINDOWS\System32\OpenSSH\;C:\Program Files\dotnet\;C:\Program Files\Git\cmd;C:\Users\Idang\AppData\Local\Programs\Python\Python310\Scripts\;C:\Users\Idang\AppData\Local\Programs\Python\Python310\;C:\Users\Idang\AppData\Local\Microsoft\WindowsApps;C:\Users\Idang\AppData\Local\Programs\Microsoft VS Code\bin;C:\Users\Idang\.dotnet\tools;C:\Program Files\Java\jdk-17.0.2\bin;C:\Users\Idang\Documents\flutter\bin;C:\assembly\fasm;
USERNAME=Idang
OS=Windows_NT
PROCESSOR_IDENTIFIER=Intel64 Family 6 Model 158 Stepping 10, GenuineIntel



---------------  S Y S T E M  ---------------

OS:
 Windows 11 , 64 bit Build 22000 (10.0.22000.434)
OS uptime: 2 days 2:43 hours
Hyper-V role detected

CPU: total 12 (initial active 12) (6 cores per cpu, 2 threads per core) family 6 model 158 stepping 10 microcode 0xde, cx8, cmov, fxsr, ht, mmx, 3dnowpref, sse, sse2, sse3, ssse3, sse4.1, sse4.2, popcnt, lzcnt, tsc, tscinvbit, avx, avx2, aes, erms, clmul, bmi1, bmi2, adx, fma, vzeroupper, clflush, clflushopt, hv

Memory: 4k page, system-wide physical 16167M (376M free)
TotalPageFile size 44614M (AvailPageFile size 4M)
current process WorkingSet (physical memory assigned to process): 15M, peak: 15M
current process commit charge ("private bytes"): 148M, peak: 149M

vm_info: OpenJDK 64-Bit Server VM (17.0.2+8) for windows-amd64 JRE (17.0.2+8), built on Jan 20 2022 04:52:34 by "" with MS VC++ 16.7 (VS2019)

END.
